{"uuid":"4475da6d-d2dc-406b-a4cf-77e539d9bd8a","historyId":"ffb49946de9eee44e421687927e7b229","fullName":"src/test/resources/features/ProgramPage.feature:35","labels":[{"name":"host","value":"Aadviks-MacBook-Air.local"},{"name":"thread","value":"84968@Aadviks-MacBook-Air.local.main(1)"},{"name":"feature","value":"Manage program Validation"},{"name":"story","value":"Validating Delete Functionality row level delete and alert options"},{"name":"suite","value":"Manage program Validation"},{"name":"testClass","value":"Validating Delete Functionality row level delete and alert options"},{"name":"framework","value":"cucumber4jvm"},{"name":"language","value":"java"},{"name":"gherkin_uri","value":"file:///Users/ark/eclipse-workspace/Team19_SeleniumSurfers_LMSHackathon/src/test/resources/features/ProgramPage.feature"},{"name":"package","value":"src.test.resources.features.ProgramPage_feature.Manage program Validation"}],"links":[],"name":"Validating Delete Functionality row level delete and alert options","status":"broken","statusDetails":{"known":false,"muted":false,"flaky":false,"message":"element click intercepted: Element <span class=\"mat-button-wrapper\">...</span> is not clickable at point (1174, 31). Other element would receive the click: <div role=\"alert\" aria-live=\"assertive\" aria-atomic=\"true\" class=\"p-toast-message-content ng-tns-c90-5\">...</div>\n  (Session info: chrome=124.0.6367.118)\nBuild info: version: '4.9.1', revision: 'eb2032df7f'\nSystem info: os.name: 'Mac OS X', os.arch: 'aarch64', os.version: '14.3.1', java.version: '17.0.2'\nDriver info: org.openqa.selenium.chrome.ChromeDriver\nCommand: [8d049a4e94b132a470df2f4af4e4419d, clickElement {id=f.6E54FB6781CD7F6259A8D23C445AF715.d.69E84E4C969F5B5508855930A8103B1F.e.33}]\nCapabilities {acceptInsecureCerts: false, browserName: chrome, browserVersion: 124.0.6367.118, chrome: {chromedriverVersion: 124.0.6367.91 (51df0e5e17a8..., userDataDir: /var/folders/g0/62b0kvjj04b...}, fedcm:accounts: true, goog:chromeOptions: {debuggerAddress: localhost:51677}, networkConnectionEnabled: false, pageLoadStrategy: normal, platformName: mac, proxy: Proxy(), se:cdp: ws://localhost:51677/devtoo..., se:cdpVersion: 124.0.6367.118, setWindowRect: true, strictFileInteractability: false, timeouts: {implicit: 0, pageLoad: 300000, script: 30000}, unhandledPromptBehavior: dismiss and notify, webauthn:extension:credBlob: true, webauthn:extension:largeBlob: true, webauthn:extension:minPinLength: true, webauthn:extension:prf: true, webauthn:virtualAuthenticators: true}\nElement: [[ChromeDriver: chrome on mac (8d049a4e94b132a470df2f4af4e4419d)] -> xpath: //*[@id=\"program\"]/span[1]]\nSession ID: 8d049a4e94b132a470df2f4af4e4419d","trace":"org.openqa.selenium.ElementClickInterceptedException: element click intercepted: Element <span class=\"mat-button-wrapper\">...</span> is not clickable at point (1174, 31). Other element would receive the click: <div role=\"alert\" aria-live=\"assertive\" aria-atomic=\"true\" class=\"p-toast-message-content ng-tns-c90-5\">...</div>\n  (Session info: chrome=124.0.6367.118)\nBuild info: version: '4.9.1', revision: 'eb2032df7f'\nSystem info: os.name: 'Mac OS X', os.arch: 'aarch64', os.version: '14.3.1', java.version: '17.0.2'\nDriver info: org.openqa.selenium.chrome.ChromeDriver\nCommand: [8d049a4e94b132a470df2f4af4e4419d, clickElement {id=f.6E54FB6781CD7F6259A8D23C445AF715.d.69E84E4C969F5B5508855930A8103B1F.e.33}]\nCapabilities {acceptInsecureCerts: false, browserName: chrome, browserVersion: 124.0.6367.118, chrome: {chromedriverVersion: 124.0.6367.91 (51df0e5e17a8..., userDataDir: /var/folders/g0/62b0kvjj04b...}, fedcm:accounts: true, goog:chromeOptions: {debuggerAddress: localhost:51677}, networkConnectionEnabled: false, pageLoadStrategy: normal, platformName: mac, proxy: Proxy(), se:cdp: ws://localhost:51677/devtoo..., se:cdpVersion: 124.0.6367.118, setWindowRect: true, strictFileInteractability: false, timeouts: {implicit: 0, pageLoad: 300000, script: 30000}, unhandledPromptBehavior: dismiss and notify, webauthn:extension:credBlob: true, webauthn:extension:largeBlob: true, webauthn:extension:minPinLength: true, webauthn:extension:prf: true, webauthn:virtualAuthenticators: true}\nElement: [[ChromeDriver: chrome on mac (8d049a4e94b132a470df2f4af4e4419d)] -> xpath: //*[@id=\"program\"]/span[1]]\nSession ID: 8d049a4e94b132a470df2f4af4e4419d\n\tat java.base/jdk.internal.reflect.NativeConstructorAccessorImpl.newInstance0(Native Method)\n\tat java.base/jdk.internal.reflect.NativeConstructorAccessorImpl.newInstance(NativeConstructorAccessorImpl.java:77)\n\tat java.base/jdk.internal.reflect.DelegatingConstructorAccessorImpl.newInstance(DelegatingConstructorAccessorImpl.java:45)\n\tat java.base/java.lang.reflect.Constructor.newInstanceWithCaller(Constructor.java:499)\n\tat java.base/java.lang.reflect.Constructor.newInstance(Constructor.java:480)\n\tat org.openqa.selenium.remote.codec.w3c.W3CHttpResponseCodec.createException(W3CHttpResponseCodec.java:200)\n\tat org.openqa.selenium.remote.codec.w3c.W3CHttpResponseCodec.decode(W3CHttpResponseCodec.java:133)\n\tat org.openqa.selenium.remote.codec.w3c.W3CHttpResponseCodec.decode(W3CHttpResponseCodec.java:53)\n\tat org.openqa.selenium.remote.HttpCommandExecutor.execute(HttpCommandExecutor.java:193)\n\tat org.openqa.selenium.remote.service.DriverCommandExecutor.invokeExecute(DriverCommandExecutor.java:183)\n\tat org.openqa.selenium.remote.service.DriverCommandExecutor.execute(DriverCommandExecutor.java:158)\n\tat org.openqa.selenium.remote.RemoteWebDriver.execute(RemoteWebDriver.java:543)\n\tat org.openqa.selenium.remote.RemoteWebElement.execute(RemoteWebElement.java:257)\n\tat org.openqa.selenium.remote.RemoteWebElement.click(RemoteWebElement.java:78)\n\tat pageObject.ProgramPage.navigateToProgramPage(ProgramPage.java:96)\n\tat stepDefinition.ProgramPageSteps.admin_clicks_the_delete_icon_on_specific_program_row_alert_with_yes_and_no_appears_clicks(ProgramPageSteps.java:147)\n\tat ✽.Admin clicks the delete icon on specific program row alert with yes and no appears clicks \"No\"(file:///Users/ark/eclipse-workspace/Team19_SeleniumSurfers_LMSHackathon/src/test/resources/features/ProgramPage.feature:38)\n"},"stage":"finished","steps":[{"name":"Given  Admin is logged into the LMS portal","status":"passed","statusDetails":{"known":false,"muted":false,"flaky":false},"stage":"finished","steps":[],"attachments":[],"parameters":[],"start":1714636882571,"stop":1714636882573},{"name":"When  Admin navigates to the Program page giving 'username' and 'password'","status":"passed","statusDetails":{"known":false,"muted":false,"flaky":false},"stage":"finished","steps":[],"attachments":[],"parameters":[],"start":1714636882577,"stop":1714636886311},{"name":"Then  click Program","status":"passed","statusDetails":{"known":false,"muted":false,"flaky":false},"stage":"finished","steps":[],"attachments":[],"parameters":[],"start":1714636886311,"stop":1714636890085},{"name":"When  Admin clicks the delete icon on a specific program row alert with 'yes' and 'no' appears clicks yes for deletion","status":"passed","statusDetails":{"known":false,"muted":false,"flaky":false},"stage":"finished","steps":[],"attachments":[],"parameters":[],"start":1714636890086,"stop":1714636894926},{"name":"Then  success message apears in Program","status":"passed","statusDetails":{"known":false,"muted":false,"flaky":false},"stage":"finished","steps":[],"attachments":[],"parameters":[],"start":1714636894928,"stop":1714636894929},{"name":"When  Admin clicks the delete icon on specific program row alert with yes and no appears clicks \"No\"","status":"broken","statusDetails":{"known":false,"muted":false,"flaky":false,"message":"element click intercepted: Element <span class=\"mat-button-wrapper\">...</span> is not clickable at point (1174, 31). Other element would receive the click: <div role=\"alert\" aria-live=\"assertive\" aria-atomic=\"true\" class=\"p-toast-message-content ng-tns-c90-5\">...</div>\n  (Session info: chrome=124.0.6367.118)\nBuild info: version: '4.9.1', revision: 'eb2032df7f'\nSystem info: os.name: 'Mac OS X', os.arch: 'aarch64', os.version: '14.3.1', java.version: '17.0.2'\nDriver info: org.openqa.selenium.chrome.ChromeDriver\nCommand: [8d049a4e94b132a470df2f4af4e4419d, clickElement {id=f.6E54FB6781CD7F6259A8D23C445AF715.d.69E84E4C969F5B5508855930A8103B1F.e.33}]\nCapabilities {acceptInsecureCerts: false, browserName: chrome, browserVersion: 124.0.6367.118, chrome: {chromedriverVersion: 124.0.6367.91 (51df0e5e17a8..., userDataDir: /var/folders/g0/62b0kvjj04b...}, fedcm:accounts: true, goog:chromeOptions: {debuggerAddress: localhost:51677}, networkConnectionEnabled: false, pageLoadStrategy: normal, platformName: mac, proxy: Proxy(), se:cdp: ws://localhost:51677/devtoo..., se:cdpVersion: 124.0.6367.118, setWindowRect: true, strictFileInteractability: false, timeouts: {implicit: 0, pageLoad: 300000, script: 30000}, unhandledPromptBehavior: dismiss and notify, webauthn:extension:credBlob: true, webauthn:extension:largeBlob: true, webauthn:extension:minPinLength: true, webauthn:extension:prf: true, webauthn:virtualAuthenticators: true}\nElement: [[ChromeDriver: chrome on mac (8d049a4e94b132a470df2f4af4e4419d)] -> xpath: //*[@id=\"program\"]/span[1]]\nSession ID: 8d049a4e94b132a470df2f4af4e4419d","trace":"org.openqa.selenium.ElementClickInterceptedException: element click intercepted: Element <span class=\"mat-button-wrapper\">...</span> is not clickable at point (1174, 31). Other element would receive the click: <div role=\"alert\" aria-live=\"assertive\" aria-atomic=\"true\" class=\"p-toast-message-content ng-tns-c90-5\">...</div>\n  (Session info: chrome=124.0.6367.118)\nBuild info: version: '4.9.1', revision: 'eb2032df7f'\nSystem info: os.name: 'Mac OS X', os.arch: 'aarch64', os.version: '14.3.1', java.version: '17.0.2'\nDriver info: org.openqa.selenium.chrome.ChromeDriver\nCommand: [8d049a4e94b132a470df2f4af4e4419d, clickElement {id=f.6E54FB6781CD7F6259A8D23C445AF715.d.69E84E4C969F5B5508855930A8103B1F.e.33}]\nCapabilities {acceptInsecureCerts: false, browserName: chrome, browserVersion: 124.0.6367.118, chrome: {chromedriverVersion: 124.0.6367.91 (51df0e5e17a8..., userDataDir: /var/folders/g0/62b0kvjj04b...}, fedcm:accounts: true, goog:chromeOptions: {debuggerAddress: localhost:51677}, networkConnectionEnabled: false, pageLoadStrategy: normal, platformName: mac, proxy: Proxy(), se:cdp: ws://localhost:51677/devtoo..., se:cdpVersion: 124.0.6367.118, setWindowRect: true, strictFileInteractability: false, timeouts: {implicit: 0, pageLoad: 300000, script: 30000}, unhandledPromptBehavior: dismiss and notify, webauthn:extension:credBlob: true, webauthn:extension:largeBlob: true, webauthn:extension:minPinLength: true, webauthn:extension:prf: true, webauthn:virtualAuthenticators: true}\nElement: [[ChromeDriver: chrome on mac (8d049a4e94b132a470df2f4af4e4419d)] -> xpath: //*[@id=\"program\"]/span[1]]\nSession ID: 8d049a4e94b132a470df2f4af4e4419d\n\tat java.base/jdk.internal.reflect.NativeConstructorAccessorImpl.newInstance0(Native Method)\n\tat java.base/jdk.internal.reflect.NativeConstructorAccessorImpl.newInstance(NativeConstructorAccessorImpl.java:77)\n\tat java.base/jdk.internal.reflect.DelegatingConstructorAccessorImpl.newInstance(DelegatingConstructorAccessorImpl.java:45)\n\tat java.base/java.lang.reflect.Constructor.newInstanceWithCaller(Constructor.java:499)\n\tat java.base/java.lang.reflect.Constructor.newInstance(Constructor.java:480)\n\tat org.openqa.selenium.remote.codec.w3c.W3CHttpResponseCodec.createException(W3CHttpResponseCodec.java:200)\n\tat org.openqa.selenium.remote.codec.w3c.W3CHttpResponseCodec.decode(W3CHttpResponseCodec.java:133)\n\tat org.openqa.selenium.remote.codec.w3c.W3CHttpResponseCodec.decode(W3CHttpResponseCodec.java:53)\n\tat org.openqa.selenium.remote.HttpCommandExecutor.execute(HttpCommandExecutor.java:193)\n\tat org.openqa.selenium.remote.service.DriverCommandExecutor.invokeExecute(DriverCommandExecutor.java:183)\n\tat org.openqa.selenium.remote.service.DriverCommandExecutor.execute(DriverCommandExecutor.java:158)\n\tat org.openqa.selenium.remote.RemoteWebDriver.execute(RemoteWebDriver.java:543)\n\tat org.openqa.selenium.remote.RemoteWebElement.execute(RemoteWebElement.java:257)\n\tat org.openqa.selenium.remote.RemoteWebElement.click(RemoteWebElement.java:78)\n\tat pageObject.ProgramPage.navigateToProgramPage(ProgramPage.java:96)\n\tat stepDefinition.ProgramPageSteps.admin_clicks_the_delete_icon_on_specific_program_row_alert_with_yes_and_no_appears_clicks(ProgramPageSteps.java:147)\n\tat ✽.Admin clicks the delete icon on specific program row alert with yes and no appears clicks \"No\"(file:///Users/ark/eclipse-workspace/Team19_SeleniumSurfers_LMSHackathon/src/test/resources/features/ProgramPage.feature:38)\n"},"stage":"finished","steps":[],"attachments":[],"parameters":[],"start":1714636894929,"stop":1714636896170},{"name":"Then  program should still be listed in the data table","status":"skipped","statusDetails":{"known":false,"muted":false,"flaky":false},"stage":"finished","steps":[],"attachments":[],"parameters":[],"start":1714636896171,"stop":1714636896171}],"attachments":[],"parameters":[],"start":1714636870837,"stop":1714636896333}